<?xml version="1.0" encoding="UTF-8"?>
<testsuite name="io.spring.initializr.generator.ProjectGeneratorLanguageTests" time="0.182" tests="33" errors="0" skipped="0" failures="0">
  <properties>
    <property name="java.runtime.name" value="OpenJDK Runtime Environment"/>
    <property name="sun.boot.library.path" value="/usr/lib/jvm/java-8-openjdk/jre/lib/amd64"/>
    <property name="java.vm.version" value="25.121-b13"/>
    <property name="java.vm.vendor" value="Oracle Corporation"/>
    <property name="maven.multiModuleProjectDirectory" value="/home/gsuaki/Workspace/redspark/redspark-initializr"/>
    <property name="java.vendor.url" value="http://java.oracle.com/"/>
    <property name="path.separator" value=":"/>
    <property name="guice.disable.misplaced.annotation.check" value="true"/>
    <property name="java.vm.name" value="OpenJDK 64-Bit Server VM"/>
    <property name="file.encoding.pkg" value="sun.io"/>
    <property name="user.country" value="US"/>
    <property name="sun.java.launcher" value="SUN_STANDARD"/>
    <property name="sun.os.patch.level" value="unknown"/>
    <property name="java.vm.specification.name" value="Java Virtual Machine Specification"/>
    <property name="user.dir" value="/home/gsuaki/Workspace/redspark/redspark-initializr"/>
    <property name="java.runtime.version" value="1.8.0_121-b13"/>
    <property name="java.awt.graphicsenv" value="sun.awt.X11GraphicsEnvironment"/>
    <property name="java.endorsed.dirs" value="/usr/lib/jvm/java-8-openjdk/jre/lib/endorsed"/>
    <property name="os.arch" value="amd64"/>
    <property name="java.io.tmpdir" value="/tmp"/>
    <property name="line.separator" value="&#10;"/>
    <property name="java.vm.specification.vendor" value="Oracle Corporation"/>
    <property name="os.name" value="Linux"/>
    <property name="classworlds.conf" value="/opt/maven/bin/m2.conf"/>
    <property name="sun.jnu.encoding" value="UTF-8"/>
    <property name="java.library.path" value="/usr/java/packages/lib/amd64:/usr/lib64:/lib64:/lib:/usr/lib"/>
    <property name="maven.conf" value="/opt/maven/conf"/>
    <property name="java.specification.name" value="Java Platform API Specification"/>
    <property name="java.class.version" value="52.0"/>
    <property name="sun.management.compiler" value="HotSpot 64-Bit Tiered Compilers"/>
    <property name="os.version" value="4.9.28-1-MANJARO"/>
    <property name="library.jansi.path" value="/opt/maven/lib/jansi-native/linux64"/>
    <property name="user.home" value="/home/gsuaki"/>
    <property name="user.timezone" value="America/Sao_Paulo"/>
    <property name="java.awt.printerjob" value="sun.print.PSPrinterJob"/>
    <property name="java.specification.version" value="1.8"/>
    <property name="file.encoding" value="UTF-8"/>
    <property name="user.name" value="gsuaki"/>
    <property name="java.class.path" value="/opt/maven/boot/plexus-classworlds-2.5.2.jar"/>
    <property name="java.vm.specification.version" value="1.8"/>
    <property name="sun.arch.data.model" value="64"/>
    <property name="java.home" value="/usr/lib/jvm/java-8-openjdk/jre"/>
    <property name="sun.java.command" value="org.codehaus.plexus.classworlds.launcher.Launcher install"/>
    <property name="java.specification.vendor" value="Oracle Corporation"/>
    <property name="user.language" value="en"/>
    <property name="awt.toolkit" value="sun.awt.X11.XToolkit"/>
    <property name="java.vm.info" value="mixed mode"/>
    <property name="java.version" value="1.8.0_121"/>
    <property name="java.ext.dirs" value="/usr/lib/jvm/java-8-openjdk/jre/lib/ext:/usr/java/packages/lib/ext"/>
    <property name="securerandom.source" value="file:/dev/./urandom"/>
    <property name="sun.boot.class.path" value="/usr/lib/jvm/java-8-openjdk/jre/lib/resources.jar:/usr/lib/jvm/java-8-openjdk/jre/lib/rt.jar:/usr/lib/jvm/java-8-openjdk/jre/lib/sunrsasign.jar:/usr/lib/jvm/java-8-openjdk/jre/lib/jsse.jar:/usr/lib/jvm/java-8-openjdk/jre/lib/jce.jar:/usr/lib/jvm/java-8-openjdk/jre/lib/charsets.jar:/usr/lib/jvm/java-8-openjdk/jre/lib/jfr.jar:/usr/lib/jvm/java-8-openjdk/jre/classes"/>
    <property name="java.vendor" value="Oracle Corporation"/>
    <property name="maven.home" value="/opt/maven"/>
    <property name="file.separator" value="/"/>
    <property name="java.vendor.url.bug" value="http://bugreport.sun.com/bugreport/"/>
    <property name="sun.cpu.endian" value="little"/>
    <property name="sun.io.unicode.encoding" value="UnicodeLittle"/>
    <property name="sun.desktop" value="gnome"/>
    <property name="sun.cpu.isalist" value=""/>
  </properties>
  <testcase name="standardTestClass[java]" classname="io.spring.initializr.generator.ProjectGeneratorLanguageTests" time="0.004"/>
  <testcase name="standardTestClassWeb[java]" classname="io.spring.initializr.generator.ProjectGeneratorLanguageTests" time="0.005"/>
  <testcase name="standardJar[java]" classname="io.spring.initializr.generator.ProjectGeneratorLanguageTests" time="0.011"/>
  <testcase name="standardWar[java]" classname="io.spring.initializr.generator.ProjectGeneratorLanguageTests" time="0.004"/>
  <testcase name="standardMainClass[java]" classname="io.spring.initializr.generator.ProjectGeneratorLanguageTests" time="0.005"/>
  <testcase name="standardServletInitializer[java]" classname="io.spring.initializr.generator.ProjectGeneratorLanguageTests" time="0.006"/>
  <testcase name="springBoot14M2ServletInitializer[java]" classname="io.spring.initializr.generator.ProjectGeneratorLanguageTests" time="0.007"/>
  <testcase name="springBoot14TestClass[java]" classname="io.spring.initializr.generator.ProjectGeneratorLanguageTests" time="0.005"/>
  <testcase name="springBoot14M1TestClass[java]" classname="io.spring.initializr.generator.ProjectGeneratorLanguageTests" time="0.004"/>
  <testcase name="springBoot14TestClassWeb[java]" classname="io.spring.initializr.generator.ProjectGeneratorLanguageTests" time="0.006"/>
  <testcase name="springBoot14ServletInitializer[java]" classname="io.spring.initializr.generator.ProjectGeneratorLanguageTests" time="0.008"/>
  <testcase name="standardTestClass[groovy]" classname="io.spring.initializr.generator.ProjectGeneratorLanguageTests" time="0.007"/>
  <testcase name="standardTestClassWeb[groovy]" classname="io.spring.initializr.generator.ProjectGeneratorLanguageTests" time="0.003"/>
  <testcase name="standardJar[groovy]" classname="io.spring.initializr.generator.ProjectGeneratorLanguageTests" time="0.006"/>
  <testcase name="standardWar[groovy]" classname="io.spring.initializr.generator.ProjectGeneratorLanguageTests" time="0.015"/>
  <testcase name="standardMainClass[groovy]" classname="io.spring.initializr.generator.ProjectGeneratorLanguageTests" time="0.004"/>
  <testcase name="standardServletInitializer[groovy]" classname="io.spring.initializr.generator.ProjectGeneratorLanguageTests" time="0.004"/>
  <testcase name="springBoot14M2ServletInitializer[groovy]" classname="io.spring.initializr.generator.ProjectGeneratorLanguageTests" time="0.004"/>
  <testcase name="springBoot14TestClass[groovy]" classname="io.spring.initializr.generator.ProjectGeneratorLanguageTests" time="0.003"/>
  <testcase name="springBoot14M1TestClass[groovy]" classname="io.spring.initializr.generator.ProjectGeneratorLanguageTests" time="0.003"/>
  <testcase name="springBoot14TestClassWeb[groovy]" classname="io.spring.initializr.generator.ProjectGeneratorLanguageTests" time="0.011"/>
  <testcase name="springBoot14ServletInitializer[groovy]" classname="io.spring.initializr.generator.ProjectGeneratorLanguageTests" time="0.006"/>
  <testcase name="standardTestClass[kotlin]" classname="io.spring.initializr.generator.ProjectGeneratorLanguageTests" time="0.006"/>
  <testcase name="standardTestClassWeb[kotlin]" classname="io.spring.initializr.generator.ProjectGeneratorLanguageTests" time="0.004"/>
  <testcase name="standardJar[kotlin]" classname="io.spring.initializr.generator.ProjectGeneratorLanguageTests" time="0.004"/>
  <testcase name="standardWar[kotlin]" classname="io.spring.initializr.generator.ProjectGeneratorLanguageTests" time="0.004"/>
  <testcase name="standardMainClass[kotlin]" classname="io.spring.initializr.generator.ProjectGeneratorLanguageTests" time="0.004"/>
  <testcase name="standardServletInitializer[kotlin]" classname="io.spring.initializr.generator.ProjectGeneratorLanguageTests" time="0.005"/>
  <testcase name="springBoot14M2ServletInitializer[kotlin]" classname="io.spring.initializr.generator.ProjectGeneratorLanguageTests" time="0.004"/>
  <testcase name="springBoot14TestClass[kotlin]" classname="io.spring.initializr.generator.ProjectGeneratorLanguageTests" time="0.009"/>
  <testcase name="springBoot14M1TestClass[kotlin]" classname="io.spring.initializr.generator.ProjectGeneratorLanguageTests" time="0.004"/>
  <testcase name="springBoot14TestClassWeb[kotlin]" classname="io.spring.initializr.generator.ProjectGeneratorLanguageTests" time="0.003"/>
  <testcase name="springBoot14ServletInitializer[kotlin]" classname="io.spring.initializr.generator.ProjectGeneratorLanguageTests" time="0.004"/>
</testsuite>