<?xml version="1.0" encoding="UTF-8"?>
<testsuite name="io.spring.initializr.generator.ProjectGeneratorLanguageTests" time="0.439" tests="33" errors="0" skipped="0" failures="0">
  <properties>
    <property name="java.runtime.name" value="Java(TM) SE Runtime Environment"/>
    <property name="sun.boot.library.path" value="/opt/java/jdk1.8.0_65/jre/lib/amd64"/>
    <property name="java.vm.version" value="25.65-b01"/>
    <property name="java.vm.vendor" value="Oracle Corporation"/>
    <property name="java.vendor.url" value="http://java.oracle.com/"/>
    <property name="path.separator" value=":"/>
    <property name="guice.disable.misplaced.annotation.check" value="true"/>
    <property name="java.vm.name" value="Java HotSpot(TM) 64-Bit Server VM"/>
    <property name="file.encoding.pkg" value="sun.io"/>
    <property name="user.country" value="US"/>
    <property name="sun.java.launcher" value="SUN_STANDARD"/>
    <property name="sun.os.patch.level" value="unknown"/>
    <property name="java.vm.specification.name" value="Java Virtual Machine Specification"/>
    <property name="user.dir" value="/home/guilherme/workspace/redspark-initializr"/>
    <property name="java.runtime.version" value="1.8.0_65-b17"/>
    <property name="java.awt.graphicsenv" value="sun.awt.X11GraphicsEnvironment"/>
    <property name="java.endorsed.dirs" value="/opt/java/jdk1.8.0_65/jre/lib/endorsed"/>
    <property name="os.arch" value="amd64"/>
    <property name="java.io.tmpdir" value="/tmp"/>
    <property name="line.separator" value="&#10;"/>
    <property name="java.vm.specification.vendor" value="Oracle Corporation"/>
    <property name="os.name" value="Linux"/>
    <property name="classworlds.conf" value="/usr/share/maven/bin/m2.conf"/>
    <property name="sun.jnu.encoding" value="ANSI_X3.4-1968"/>
    <property name="java.library.path" value="/usr/java/packages/lib/amd64:/usr/lib64:/lib64:/lib:/usr/lib"/>
    <property name="java.specification.name" value="Java Platform API Specification"/>
    <property name="java.class.version" value="52.0"/>
    <property name="sun.management.compiler" value="HotSpot 64-Bit Tiered Compilers"/>
    <property name="os.version" value="3.16.0-38-generic"/>
    <property name="user.home" value="/home/guilherme"/>
    <property name="user.timezone" value="America/Sao_Paulo"/>
    <property name="java.awt.printerjob" value="sun.print.PSPrinterJob"/>
    <property name="file.encoding" value="ANSI_X3.4-1968"/>
    <property name="java.specification.version" value="1.8"/>
    <property name="user.name" value="guilherme"/>
    <property name="java.class.path" value="/usr/share/maven/boot/plexus-classworlds-2.x.jar"/>
    <property name="java.vm.specification.version" value="1.8"/>
    <property name="sun.arch.data.model" value="64"/>
    <property name="java.home" value="/opt/java/jdk1.8.0_65/jre"/>
    <property name="sun.java.command" value="org.codehaus.plexus.classworlds.launcher.Launcher install"/>
    <property name="java.specification.vendor" value="Oracle Corporation"/>
    <property name="user.language" value="en"/>
    <property name="awt.toolkit" value="sun.awt.X11.XToolkit"/>
    <property name="java.vm.info" value="mixed mode"/>
    <property name="java.version" value="1.8.0_65"/>
    <property name="java.ext.dirs" value="/opt/java/jdk1.8.0_65/jre/lib/ext:/usr/java/packages/lib/ext"/>
    <property name="securerandom.source" value="file:/dev/./urandom"/>
    <property name="sun.boot.class.path" value="/opt/java/jdk1.8.0_65/jre/lib/resources.jar:/opt/java/jdk1.8.0_65/jre/lib/rt.jar:/opt/java/jdk1.8.0_65/jre/lib/sunrsasign.jar:/opt/java/jdk1.8.0_65/jre/lib/jsse.jar:/opt/java/jdk1.8.0_65/jre/lib/jce.jar:/opt/java/jdk1.8.0_65/jre/lib/charsets.jar:/opt/java/jdk1.8.0_65/jre/lib/jfr.jar:/opt/java/jdk1.8.0_65/jre/classes"/>
    <property name="java.vendor" value="Oracle Corporation"/>
    <property name="maven.home" value="/usr/share/maven"/>
    <property name="file.separator" value="/"/>
    <property name="java.vendor.url.bug" value="http://bugreport.sun.com/bugreport/"/>
    <property name="sun.cpu.endian" value="little"/>
    <property name="sun.io.unicode.encoding" value="UnicodeLittle"/>
    <property name="sun.desktop" value="gnome"/>
    <property name="sun.cpu.isalist" value=""/>
  </properties>
  <testcase name="standardTestClass[java]" classname="io.spring.initializr.generator.ProjectGeneratorLanguageTests" time="0.01"/>
  <testcase name="standardTestClassWeb[java]" classname="io.spring.initializr.generator.ProjectGeneratorLanguageTests" time="0.013"/>
  <testcase name="standardJar[java]" classname="io.spring.initializr.generator.ProjectGeneratorLanguageTests" time="0.011"/>
  <testcase name="standardWar[java]" classname="io.spring.initializr.generator.ProjectGeneratorLanguageTests" time="0.009"/>
  <testcase name="standardMainClass[java]" classname="io.spring.initializr.generator.ProjectGeneratorLanguageTests" time="0.016"/>
  <testcase name="standardServletInitializer[java]" classname="io.spring.initializr.generator.ProjectGeneratorLanguageTests" time="0.01"/>
  <testcase name="springBoot14M2ServletInitializer[java]" classname="io.spring.initializr.generator.ProjectGeneratorLanguageTests" time="0.014"/>
  <testcase name="springBoot14TestClass[java]" classname="io.spring.initializr.generator.ProjectGeneratorLanguageTests" time="0.014"/>
  <testcase name="springBoot14M1TestClass[java]" classname="io.spring.initializr.generator.ProjectGeneratorLanguageTests" time="0.016"/>
  <testcase name="springBoot14TestClassWeb[java]" classname="io.spring.initializr.generator.ProjectGeneratorLanguageTests" time="0.011"/>
  <testcase name="springBoot14ServletInitializer[java]" classname="io.spring.initializr.generator.ProjectGeneratorLanguageTests" time="0.012"/>
  <testcase name="standardTestClass[groovy]" classname="io.spring.initializr.generator.ProjectGeneratorLanguageTests" time="0.015"/>
  <testcase name="standardTestClassWeb[groovy]" classname="io.spring.initializr.generator.ProjectGeneratorLanguageTests" time="0.009"/>
  <testcase name="standardJar[groovy]" classname="io.spring.initializr.generator.ProjectGeneratorLanguageTests" time="0.02"/>
  <testcase name="standardWar[groovy]" classname="io.spring.initializr.generator.ProjectGeneratorLanguageTests" time="0.013"/>
  <testcase name="standardMainClass[groovy]" classname="io.spring.initializr.generator.ProjectGeneratorLanguageTests" time="0.014"/>
  <testcase name="standardServletInitializer[groovy]" classname="io.spring.initializr.generator.ProjectGeneratorLanguageTests" time="0.01"/>
  <testcase name="springBoot14M2ServletInitializer[groovy]" classname="io.spring.initializr.generator.ProjectGeneratorLanguageTests" time="0.015"/>
  <testcase name="springBoot14TestClass[groovy]" classname="io.spring.initializr.generator.ProjectGeneratorLanguageTests" time="0.009"/>
  <testcase name="springBoot14M1TestClass[groovy]" classname="io.spring.initializr.generator.ProjectGeneratorLanguageTests" time="0.012"/>
  <testcase name="springBoot14TestClassWeb[groovy]" classname="io.spring.initializr.generator.ProjectGeneratorLanguageTests" time="0.012"/>
  <testcase name="springBoot14ServletInitializer[groovy]" classname="io.spring.initializr.generator.ProjectGeneratorLanguageTests" time="0.009"/>
  <testcase name="standardTestClass[kotlin]" classname="io.spring.initializr.generator.ProjectGeneratorLanguageTests" time="0.011"/>
  <testcase name="standardTestClassWeb[kotlin]" classname="io.spring.initializr.generator.ProjectGeneratorLanguageTests" time="0.03"/>
  <testcase name="standardJar[kotlin]" classname="io.spring.initializr.generator.ProjectGeneratorLanguageTests" time="0.017"/>
  <testcase name="standardWar[kotlin]" classname="io.spring.initializr.generator.ProjectGeneratorLanguageTests" time="0.012"/>
  <testcase name="standardMainClass[kotlin]" classname="io.spring.initializr.generator.ProjectGeneratorLanguageTests" time="0.01"/>
  <testcase name="standardServletInitializer[kotlin]" classname="io.spring.initializr.generator.ProjectGeneratorLanguageTests" time="0.016"/>
  <testcase name="springBoot14M2ServletInitializer[kotlin]" classname="io.spring.initializr.generator.ProjectGeneratorLanguageTests" time="0.024"/>
  <testcase name="springBoot14TestClass[kotlin]" classname="io.spring.initializr.generator.ProjectGeneratorLanguageTests" time="0.011"/>
  <testcase name="springBoot14M1TestClass[kotlin]" classname="io.spring.initializr.generator.ProjectGeneratorLanguageTests" time="0.016"/>
  <testcase name="springBoot14TestClassWeb[kotlin]" classname="io.spring.initializr.generator.ProjectGeneratorLanguageTests" time="0.006"/>
  <testcase name="springBoot14ServletInitializer[kotlin]" classname="io.spring.initializr.generator.ProjectGeneratorLanguageTests" time="0.012"/>
</testsuite>