<?xml version="1.0" encoding="UTF-8"?>
<testsuite name="io.spring.initializr.generator.ProjectGeneratorTests" time="0.448" tests="59" errors="0" skipped="0" failures="0">
  <properties>
    <property name="java.runtime.name" value="OpenJDK Runtime Environment"/>
    <property name="sun.boot.library.path" value="/usr/lib/jvm/java-8-openjdk/jre/lib/amd64"/>
    <property name="java.vm.version" value="25.121-b13"/>
    <property name="java.vm.vendor" value="Oracle Corporation"/>
    <property name="maven.multiModuleProjectDirectory" value="/home/gsuaki/Workspace/redspark/redspark-initializr"/>
    <property name="java.vendor.url" value="http://java.oracle.com/"/>
    <property name="path.separator" value=":"/>
    <property name="guice.disable.misplaced.annotation.check" value="true"/>
    <property name="java.vm.name" value="OpenJDK 64-Bit Server VM"/>
    <property name="file.encoding.pkg" value="sun.io"/>
    <property name="user.country" value="US"/>
    <property name="sun.java.launcher" value="SUN_STANDARD"/>
    <property name="sun.os.patch.level" value="unknown"/>
    <property name="java.vm.specification.name" value="Java Virtual Machine Specification"/>
    <property name="user.dir" value="/home/gsuaki/Workspace/redspark/redspark-initializr"/>
    <property name="java.runtime.version" value="1.8.0_121-b13"/>
    <property name="java.awt.graphicsenv" value="sun.awt.X11GraphicsEnvironment"/>
    <property name="java.endorsed.dirs" value="/usr/lib/jvm/java-8-openjdk/jre/lib/endorsed"/>
    <property name="os.arch" value="amd64"/>
    <property name="java.io.tmpdir" value="/tmp"/>
    <property name="line.separator" value="&#10;"/>
    <property name="java.vm.specification.vendor" value="Oracle Corporation"/>
    <property name="os.name" value="Linux"/>
    <property name="classworlds.conf" value="/opt/maven/bin/m2.conf"/>
    <property name="sun.jnu.encoding" value="UTF-8"/>
    <property name="java.library.path" value="/usr/java/packages/lib/amd64:/usr/lib64:/lib64:/lib:/usr/lib"/>
    <property name="maven.conf" value="/opt/maven/conf"/>
    <property name="java.specification.name" value="Java Platform API Specification"/>
    <property name="java.class.version" value="52.0"/>
    <property name="sun.management.compiler" value="HotSpot 64-Bit Tiered Compilers"/>
    <property name="os.version" value="4.9.28-1-MANJARO"/>
    <property name="library.jansi.path" value="/opt/maven/lib/jansi-native/linux64"/>
    <property name="user.home" value="/home/gsuaki"/>
    <property name="user.timezone" value="America/Sao_Paulo"/>
    <property name="java.awt.printerjob" value="sun.print.PSPrinterJob"/>
    <property name="java.specification.version" value="1.8"/>
    <property name="file.encoding" value="UTF-8"/>
    <property name="user.name" value="gsuaki"/>
    <property name="java.class.path" value="/opt/maven/boot/plexus-classworlds-2.5.2.jar"/>
    <property name="java.vm.specification.version" value="1.8"/>
    <property name="sun.arch.data.model" value="64"/>
    <property name="java.home" value="/usr/lib/jvm/java-8-openjdk/jre"/>
    <property name="sun.java.command" value="org.codehaus.plexus.classworlds.launcher.Launcher install"/>
    <property name="java.specification.vendor" value="Oracle Corporation"/>
    <property name="user.language" value="en"/>
    <property name="awt.toolkit" value="sun.awt.X11.XToolkit"/>
    <property name="java.vm.info" value="mixed mode"/>
    <property name="java.version" value="1.8.0_121"/>
    <property name="java.ext.dirs" value="/usr/lib/jvm/java-8-openjdk/jre/lib/ext:/usr/java/packages/lib/ext"/>
    <property name="securerandom.source" value="file:/dev/./urandom"/>
    <property name="sun.boot.class.path" value="/usr/lib/jvm/java-8-openjdk/jre/lib/resources.jar:/usr/lib/jvm/java-8-openjdk/jre/lib/rt.jar:/usr/lib/jvm/java-8-openjdk/jre/lib/sunrsasign.jar:/usr/lib/jvm/java-8-openjdk/jre/lib/jsse.jar:/usr/lib/jvm/java-8-openjdk/jre/lib/jce.jar:/usr/lib/jvm/java-8-openjdk/jre/lib/charsets.jar:/usr/lib/jvm/java-8-openjdk/jre/lib/jfr.jar:/usr/lib/jvm/java-8-openjdk/jre/classes"/>
    <property name="java.vendor" value="Oracle Corporation"/>
    <property name="maven.home" value="/opt/maven"/>
    <property name="file.separator" value="/"/>
    <property name="java.vendor.url.bug" value="http://bugreport.sun.com/bugreport/"/>
    <property name="sun.cpu.endian" value="little"/>
    <property name="sun.io.unicode.encoding" value="UnicodeLittle"/>
    <property name="sun.desktop" value="gnome"/>
    <property name="sun.cpu.isalist" value=""/>
  </properties>
  <testcase name="customBaseDirectoryNested" classname="io.spring.initializr.generator.ProjectGeneratorTests" time="0.003"/>
  <testcase name="groovyWithMavenUsesGroovyDir" classname="io.spring.initializr.generator.ProjectGeneratorTests" time="0.003"/>
  <testcase name="versionRangeWithPostProcessor" classname="io.spring.initializr.generator.ProjectGeneratorTests" time="0.056"/>
  <testcase name="defaultMavenPom" classname="io.spring.initializr.generator.ProjectGeneratorTests" time="0.014"/>
  <testcase name="mavenPomWithCustomVersion" classname="io.spring.initializr.generator.ProjectGeneratorTests" time="0.01"/>
  <testcase name="gradleBuildWithCustomScope" classname="io.spring.initializr.generator.ProjectGeneratorTests" time="0.003"/>
  <testcase name="springBootUseSpringBootApplicationJava" classname="io.spring.initializr.generator.ProjectGeneratorTests" time="0.007"/>
  <testcase name="gradleBom" classname="io.spring.initializr.generator.ProjectGeneratorTests" time="0.002"/>
  <testcase name="invalidProjectTypeMavenPom" classname="io.spring.initializr.generator.ProjectGeneratorTests" time="0.002"/>
  <testcase name="gradleBuildWithTarDependency" classname="io.spring.initializr.generator.ProjectGeneratorTests" time="0.003"/>
  <testcase name="mavenWarWithWebFacet" classname="io.spring.initializr.generator.ProjectGeneratorTests" time="0.009"/>
  <testcase name="defaultGradleBuild" classname="io.spring.initializr.generator.ProjectGeneratorTests" time="0.002"/>
  <testcase name="mavenRepository" classname="io.spring.initializr.generator.ProjectGeneratorTests" time="0.042"/>
  <testcase name="projectWithOnlyNonStarterDependency" classname="io.spring.initializr.generator.ProjectGeneratorTests" time="0.027"/>
  <testcase name="gradleWarWithWebFacet" classname="io.spring.initializr.generator.ProjectGeneratorTests" time="0.017"/>
  <testcase name="springBootUseSpringBootApplicationGroovy" classname="io.spring.initializr.generator.ProjectGeneratorTests" time="0.009"/>
  <testcase name="mavenBomWithSeveralDependenciesOnSameBom" classname="io.spring.initializr.generator.ProjectGeneratorTests" time="0.013"/>
  <testcase name="invalidType" classname="io.spring.initializr.generator.ProjectGeneratorTests" time="0"/>
  <testcase name="springBootUseSpringBootApplicationKotlin" classname="io.spring.initializr.generator.ProjectGeneratorTests" time="0.007"/>
  <testcase name="mavenWarPomWithoutWebFacet" classname="io.spring.initializr.generator.ProjectGeneratorTests" time="0.013"/>
  <testcase name="projectWithOnlyStarterDependency" classname="io.spring.initializr.generator.ProjectGeneratorTests" time="0.007"/>
  <testcase name="buildPropertiesMaven" classname="io.spring.initializr.generator.ProjectGeneratorTests" time="0.016"/>
  <testcase name="gitIgnoreGradle" classname="io.spring.initializr.generator.ProjectGeneratorTests" time="0.007"/>
  <testcase name="customBaseDirectory" classname="io.spring.initializr.generator.ProjectGeneratorTests" time="0.004"/>
  <testcase name="gradleBuildBeforeWithSpringBoot13" classname="io.spring.initializr.generator.ProjectGeneratorTests" time="0.002"/>
  <testcase name="mavenPomWithCustomScope" classname="io.spring.initializr.generator.ProjectGeneratorTests" time="0.011"/>
  <testcase name="mavenPomWithWebFacet" classname="io.spring.initializr.generator.ProjectGeneratorTests" time="0.007"/>
  <testcase name="gitIgnoreMaven" classname="io.spring.initializr.generator.ProjectGeneratorTests" time="0.006"/>
  <testcase name="springBoot15UseGradle3" classname="io.spring.initializr.generator.ProjectGeneratorTests" time="0.005"/>
  <testcase name="mavenBomWithVersionMapping" classname="io.spring.initializr.generator.ProjectGeneratorTests" time="0.017"/>
  <testcase name="mavenPomWithTarDependency" classname="io.spring.initializr.generator.ProjectGeneratorTests" time="0.008"/>
  <testcase name="springBoot11UseEnableAutoConfigurationGroovy" classname="io.spring.initializr.generator.ProjectGeneratorTests" time="0.004"/>
  <testcase name="mavenPomWithCustomParentPom" classname="io.spring.initializr.generator.ProjectGeneratorTests" time="0.006"/>
  <testcase name="mavenBom" classname="io.spring.initializr.generator.ProjectGeneratorTests" time="0.006"/>
  <testcase name="springBoot11UseEnableAutoConfigurationKotlin" classname="io.spring.initializr.generator.ProjectGeneratorTests" time="0.004"/>
  <testcase name="mavenBomWithVersionMappingAndExtraRepositories" classname="io.spring.initializr.generator.ProjectGeneratorTests" time="0.009"/>
  <testcase name="gradleBuildWithBootSnapshot" classname="io.spring.initializr.generator.ProjectGeneratorTests" time="0.002"/>
  <testcase name="mavenPomWithCustomParentPomAndSpringBootBom" classname="io.spring.initializr.generator.ProjectGeneratorTests" time="0.006"/>
  <testcase name="invalidPackaging" classname="io.spring.initializr.generator.ProjectGeneratorTests" time="0.001"/>
  <testcase name="groovyWithGradleUsesGroovyDir" classname="io.spring.initializr.generator.ProjectGeneratorTests" time="0.004"/>
  <testcase name="gradleBuildWithCustomVersion" classname="io.spring.initializr.generator.ProjectGeneratorTests" time="0.002"/>
  <testcase name="gradleBuildWithCustomParentPomAndSpringBootBom" classname="io.spring.initializr.generator.ProjectGeneratorTests" time="0.002"/>
  <testcase name="mavenPomWithBootSnapshot" classname="io.spring.initializr.generator.ProjectGeneratorTests" time="0.011"/>
  <testcase name="gradleBuildAsFromSpringBoot13" classname="io.spring.initializr.generator.ProjectGeneratorTests" time="0.003"/>
  <testcase name="gradleBuildAsFromSpringBoot20" classname="io.spring.initializr.generator.ProjectGeneratorTests" time="0.003"/>
  <testcase name="invalidProjectTypeGradleBuild" classname="io.spring.initializr.generator.ProjectGeneratorTests" time="0.002"/>
  <testcase name="invalidLanguage" classname="io.spring.initializr.generator.ProjectGeneratorTests" time="0.001"/>
  <testcase name="defaultMavenPomHasSpringBootParent" classname="io.spring.initializr.generator.ProjectGeneratorTests" time="0.005"/>
  <testcase name="springBootUseGradle2" classname="io.spring.initializr.generator.ProjectGeneratorTests" time="0.004"/>
  <testcase name="mavenRepositoryWithSeveralDependenciesOnSameRepository" classname="io.spring.initializr.generator.ProjectGeneratorTests" time="0.007"/>
  <testcase name="gradleBuildAsFromSpringBoot142" classname="io.spring.initializr.generator.ProjectGeneratorTests" time="0.002"/>
  <testcase name="buildPropertiesGradle" classname="io.spring.initializr.generator.ProjectGeneratorTests" time="0.004"/>
  <testcase name="defaultProject" classname="io.spring.initializr.generator.ProjectGeneratorTests" time="0.008"/>
  <testcase name="noDependencyAddsRootStarter" classname="io.spring.initializr.generator.ProjectGeneratorTests" time="0.006"/>
  <testcase name="invalidDependency" classname="io.spring.initializr.generator.ProjectGeneratorTests" time="0.001"/>
  <testcase name="springBoot11UseEnableAutoConfigurationJava" classname="io.spring.initializr.generator.ProjectGeneratorTests" time="0.005"/>
  <testcase name="gradleRepository" classname="io.spring.initializr.generator.ProjectGeneratorTests" time="0.001"/>
  <testcase name="groupIdAndArtifactIdInferPackageName" classname="io.spring.initializr.generator.ProjectGeneratorTests" time="0.005"/>
  <testcase name="gradleWarPomWithoutWebFacet" classname="io.spring.initializr.generator.ProjectGeneratorTests" time="0.002"/>
</testsuite>