<?xml version="1.0" encoding="UTF-8"?>
<testsuite name="io.spring.initializr.generator.ProjectGeneratorTests" time="1.003" tests="59" errors="0" skipped="0" failures="0">
  <properties>
    <property name="java.runtime.name" value="Java(TM) SE Runtime Environment"/>
    <property name="sun.boot.library.path" value="/opt/java/jdk1.8.0_65/jre/lib/amd64"/>
    <property name="java.vm.version" value="25.65-b01"/>
    <property name="java.vm.vendor" value="Oracle Corporation"/>
    <property name="java.vendor.url" value="http://java.oracle.com/"/>
    <property name="path.separator" value=":"/>
    <property name="guice.disable.misplaced.annotation.check" value="true"/>
    <property name="java.vm.name" value="Java HotSpot(TM) 64-Bit Server VM"/>
    <property name="file.encoding.pkg" value="sun.io"/>
    <property name="user.country" value="US"/>
    <property name="sun.java.launcher" value="SUN_STANDARD"/>
    <property name="sun.os.patch.level" value="unknown"/>
    <property name="java.vm.specification.name" value="Java Virtual Machine Specification"/>
    <property name="user.dir" value="/home/guilherme/workspace/redspark-initializr"/>
    <property name="java.runtime.version" value="1.8.0_65-b17"/>
    <property name="java.awt.graphicsenv" value="sun.awt.X11GraphicsEnvironment"/>
    <property name="java.endorsed.dirs" value="/opt/java/jdk1.8.0_65/jre/lib/endorsed"/>
    <property name="os.arch" value="amd64"/>
    <property name="java.io.tmpdir" value="/tmp"/>
    <property name="line.separator" value="&#10;"/>
    <property name="java.vm.specification.vendor" value="Oracle Corporation"/>
    <property name="os.name" value="Linux"/>
    <property name="classworlds.conf" value="/usr/share/maven/bin/m2.conf"/>
    <property name="sun.jnu.encoding" value="ANSI_X3.4-1968"/>
    <property name="java.library.path" value="/usr/java/packages/lib/amd64:/usr/lib64:/lib64:/lib:/usr/lib"/>
    <property name="java.specification.name" value="Java Platform API Specification"/>
    <property name="java.class.version" value="52.0"/>
    <property name="sun.management.compiler" value="HotSpot 64-Bit Tiered Compilers"/>
    <property name="os.version" value="3.16.0-38-generic"/>
    <property name="user.home" value="/home/guilherme"/>
    <property name="user.timezone" value="America/Sao_Paulo"/>
    <property name="java.awt.printerjob" value="sun.print.PSPrinterJob"/>
    <property name="file.encoding" value="ANSI_X3.4-1968"/>
    <property name="java.specification.version" value="1.8"/>
    <property name="user.name" value="guilherme"/>
    <property name="java.class.path" value="/usr/share/maven/boot/plexus-classworlds-2.x.jar"/>
    <property name="java.vm.specification.version" value="1.8"/>
    <property name="sun.arch.data.model" value="64"/>
    <property name="java.home" value="/opt/java/jdk1.8.0_65/jre"/>
    <property name="sun.java.command" value="org.codehaus.plexus.classworlds.launcher.Launcher install"/>
    <property name="java.specification.vendor" value="Oracle Corporation"/>
    <property name="user.language" value="en"/>
    <property name="awt.toolkit" value="sun.awt.X11.XToolkit"/>
    <property name="java.vm.info" value="mixed mode"/>
    <property name="java.version" value="1.8.0_65"/>
    <property name="java.ext.dirs" value="/opt/java/jdk1.8.0_65/jre/lib/ext:/usr/java/packages/lib/ext"/>
    <property name="securerandom.source" value="file:/dev/./urandom"/>
    <property name="sun.boot.class.path" value="/opt/java/jdk1.8.0_65/jre/lib/resources.jar:/opt/java/jdk1.8.0_65/jre/lib/rt.jar:/opt/java/jdk1.8.0_65/jre/lib/sunrsasign.jar:/opt/java/jdk1.8.0_65/jre/lib/jsse.jar:/opt/java/jdk1.8.0_65/jre/lib/jce.jar:/opt/java/jdk1.8.0_65/jre/lib/charsets.jar:/opt/java/jdk1.8.0_65/jre/lib/jfr.jar:/opt/java/jdk1.8.0_65/jre/classes"/>
    <property name="java.vendor" value="Oracle Corporation"/>
    <property name="maven.home" value="/usr/share/maven"/>
    <property name="file.separator" value="/"/>
    <property name="java.vendor.url.bug" value="http://bugreport.sun.com/bugreport/"/>
    <property name="sun.cpu.endian" value="little"/>
    <property name="sun.io.unicode.encoding" value="UnicodeLittle"/>
    <property name="sun.desktop" value="gnome"/>
    <property name="sun.cpu.isalist" value=""/>
  </properties>
  <testcase name="customBaseDirectoryNested" classname="io.spring.initializr.generator.ProjectGeneratorTests" time="0.008"/>
  <testcase name="groovyWithMavenUsesGroovyDir" classname="io.spring.initializr.generator.ProjectGeneratorTests" time="0.008"/>
  <testcase name="versionRangeWithPostProcessor" classname="io.spring.initializr.generator.ProjectGeneratorTests" time="0.128"/>
  <testcase name="defaultMavenPom" classname="io.spring.initializr.generator.ProjectGeneratorTests" time="0.031"/>
  <testcase name="mavenPomWithCustomVersion" classname="io.spring.initializr.generator.ProjectGeneratorTests" time="0.014"/>
  <testcase name="gradleBuildWithCustomScope" classname="io.spring.initializr.generator.ProjectGeneratorTests" time="0.004"/>
  <testcase name="springBootUseSpringBootApplicationJava" classname="io.spring.initializr.generator.ProjectGeneratorTests" time="0.016"/>
  <testcase name="gradleBom" classname="io.spring.initializr.generator.ProjectGeneratorTests" time="0.003"/>
  <testcase name="invalidProjectTypeMavenPom" classname="io.spring.initializr.generator.ProjectGeneratorTests" time="0.002"/>
  <testcase name="gradleBuildWithTarDependency" classname="io.spring.initializr.generator.ProjectGeneratorTests" time="0.004"/>
  <testcase name="mavenWarWithWebFacet" classname="io.spring.initializr.generator.ProjectGeneratorTests" time="0.018"/>
  <testcase name="defaultGradleBuild" classname="io.spring.initializr.generator.ProjectGeneratorTests" time="0.004"/>
  <testcase name="mavenRepository" classname="io.spring.initializr.generator.ProjectGeneratorTests" time="0.015"/>
  <testcase name="projectWithOnlyNonStarterDependency" classname="io.spring.initializr.generator.ProjectGeneratorTests" time="0.019"/>
  <testcase name="gradleWarWithWebFacet" classname="io.spring.initializr.generator.ProjectGeneratorTests" time="0.017"/>
  <testcase name="springBootUseSpringBootApplicationGroovy" classname="io.spring.initializr.generator.ProjectGeneratorTests" time="0.005"/>
  <testcase name="mavenBomWithSeveralDependenciesOnSameBom" classname="io.spring.initializr.generator.ProjectGeneratorTests" time="0.019"/>
  <testcase name="invalidType" classname="io.spring.initializr.generator.ProjectGeneratorTests" time="0.003"/>
  <testcase name="springBootUseSpringBootApplicationKotlin" classname="io.spring.initializr.generator.ProjectGeneratorTests" time="0.007"/>
  <testcase name="mavenWarPomWithoutWebFacet" classname="io.spring.initializr.generator.ProjectGeneratorTests" time="0.012"/>
  <testcase name="projectWithOnlyStarterDependency" classname="io.spring.initializr.generator.ProjectGeneratorTests" time="0.014"/>
  <testcase name="buildPropertiesMaven" classname="io.spring.initializr.generator.ProjectGeneratorTests" time="0.019"/>
  <testcase name="gitIgnoreGradle" classname="io.spring.initializr.generator.ProjectGeneratorTests" time="0.011"/>
  <testcase name="customBaseDirectory" classname="io.spring.initializr.generator.ProjectGeneratorTests" time="0.023"/>
  <testcase name="gradleBuildBeforeWithSpringBoot13" classname="io.spring.initializr.generator.ProjectGeneratorTests" time="0.003"/>
  <testcase name="mavenPomWithCustomScope" classname="io.spring.initializr.generator.ProjectGeneratorTests" time="0.014"/>
  <testcase name="mavenPomWithWebFacet" classname="io.spring.initializr.generator.ProjectGeneratorTests" time="0.025"/>
  <testcase name="gitIgnoreMaven" classname="io.spring.initializr.generator.ProjectGeneratorTests" time="0.017"/>
  <testcase name="springBoot15UseGradle3" classname="io.spring.initializr.generator.ProjectGeneratorTests" time="0.011"/>
  <testcase name="mavenBomWithVersionMapping" classname="io.spring.initializr.generator.ProjectGeneratorTests" time="0.052"/>
  <testcase name="mavenPomWithTarDependency" classname="io.spring.initializr.generator.ProjectGeneratorTests" time="0.034"/>
  <testcase name="springBoot11UseEnableAutoConfigurationGroovy" classname="io.spring.initializr.generator.ProjectGeneratorTests" time="0.014"/>
  <testcase name="mavenPomWithCustomParentPom" classname="io.spring.initializr.generator.ProjectGeneratorTests" time="0.018"/>
  <testcase name="mavenBom" classname="io.spring.initializr.generator.ProjectGeneratorTests" time="0.021"/>
  <testcase name="springBoot11UseEnableAutoConfigurationKotlin" classname="io.spring.initializr.generator.ProjectGeneratorTests" time="0.009"/>
  <testcase name="mavenBomWithVersionMappingAndExtraRepositories" classname="io.spring.initializr.generator.ProjectGeneratorTests" time="0.023"/>
  <testcase name="gradleBuildWithBootSnapshot" classname="io.spring.initializr.generator.ProjectGeneratorTests" time="0.003"/>
  <testcase name="mavenPomWithCustomParentPomAndSpringBootBom" classname="io.spring.initializr.generator.ProjectGeneratorTests" time="0.038"/>
  <testcase name="invalidPackaging" classname="io.spring.initializr.generator.ProjectGeneratorTests" time="0.001"/>
  <testcase name="groovyWithGradleUsesGroovyDir" classname="io.spring.initializr.generator.ProjectGeneratorTests" time="0.007"/>
  <testcase name="gradleBuildWithCustomVersion" classname="io.spring.initializr.generator.ProjectGeneratorTests" time="0.004"/>
  <testcase name="gradleBuildWithCustomParentPomAndSpringBootBom" classname="io.spring.initializr.generator.ProjectGeneratorTests" time="0.006"/>
  <testcase name="mavenPomWithBootSnapshot" classname="io.spring.initializr.generator.ProjectGeneratorTests" time="0.128"/>
  <testcase name="gradleBuildAsFromSpringBoot13" classname="io.spring.initializr.generator.ProjectGeneratorTests" time="0.004"/>
  <testcase name="gradleBuildAsFromSpringBoot20" classname="io.spring.initializr.generator.ProjectGeneratorTests" time="0.003"/>
  <testcase name="invalidProjectTypeGradleBuild" classname="io.spring.initializr.generator.ProjectGeneratorTests" time="0.009"/>
  <testcase name="invalidLanguage" classname="io.spring.initializr.generator.ProjectGeneratorTests" time="0.001"/>
  <testcase name="defaultMavenPomHasSpringBootParent" classname="io.spring.initializr.generator.ProjectGeneratorTests" time="0.044"/>
  <testcase name="springBootUseGradle2" classname="io.spring.initializr.generator.ProjectGeneratorTests" time="0.009"/>
  <testcase name="mavenRepositoryWithSeveralDependenciesOnSameRepository" classname="io.spring.initializr.generator.ProjectGeneratorTests" time="0.013"/>
  <testcase name="gradleBuildAsFromSpringBoot142" classname="io.spring.initializr.generator.ProjectGeneratorTests" time="0.006"/>
  <testcase name="buildPropertiesGradle" classname="io.spring.initializr.generator.ProjectGeneratorTests" time="0.011"/>
  <testcase name="defaultProject" classname="io.spring.initializr.generator.ProjectGeneratorTests" time="0.014"/>
  <testcase name="noDependencyAddsRootStarter" classname="io.spring.initializr.generator.ProjectGeneratorTests" time="0.022"/>
  <testcase name="invalidDependency" classname="io.spring.initializr.generator.ProjectGeneratorTests" time="0.003"/>
  <testcase name="springBoot11UseEnableAutoConfigurationJava" classname="io.spring.initializr.generator.ProjectGeneratorTests" time="0.01"/>
  <testcase name="gradleRepository" classname="io.spring.initializr.generator.ProjectGeneratorTests" time="0.009"/>
  <testcase name="groupIdAndArtifactIdInferPackageName" classname="io.spring.initializr.generator.ProjectGeneratorTests" time="0.006"/>
  <testcase name="gradleWarPomWithoutWebFacet" classname="io.spring.initializr.generator.ProjectGeneratorTests" time="0.007"/>
</testsuite>